2018-03-13 16:04:27,980 [INFO] from application in play-dev-mode-akka.actor.default-dispatcher-3 - Creating Pool for datasource 'default'
2018-03-13 16:04:28,226 [INFO] from play.api.db.DefaultDBApi in play-dev-mode-akka.actor.default-dispatcher-3 - Database [default] connected at jdbc:h2:file:./data/productsDB
2018-03-13 16:04:29,467 [WARN] from org.hibernate.validator.messageinterpolation.ParameterMessageInterpolator in play-dev-mode-akka.actor.default-dispatcher-3 - HV000184: ParameterMessageInterpolator has been chosen, EL interpolation will not be supported
2018-03-13 16:04:29,692 [INFO] from play.api.http.EnabledFilters in play-dev-mode-akka.actor.default-dispatcher-3 - Enabled Filters (see <https://www.playframework.com/documentation/latest/Filters>):

    play.filters.csrf.CSRFFilter
    play.filters.headers.SecurityHeadersFilter
    play.filters.hosts.AllowedHostsFilter

2018-03-13 16:04:29,700 [INFO] from play.api.Play in play-dev-mode-akka.actor.default-dispatcher-3 - Application started (Dev)
2018-03-13 16:09:28,056 [ERROR] from application in play-dev-mode-akka.actor.default-dispatcher-21 - 

! @779dn1omo - Internal server error, for (GET) [/logout] ->
 
play.sbt.PlayExceptions$CompilationException: Compilation error[no suitable method found for ok(play.api.mvc.Call)
    method play.mvc.Results.ok(play.twirl.api.Content) is not applicable
      (argument mismatch; play.api.mvc.Call cannot be converted to play.twirl.api.Content)
    method play.mvc.Results.ok(java.lang.String) is not applicable
      (argument mismatch; play.api.mvc.Call cannot be converted to java.lang.String)
    method play.mvc.Results.ok(com.fasterxml.jackson.databind.JsonNode) is not applicable
      (argument mismatch; play.api.mvc.Call cannot be converted to com.fasterxml.jackson.databind.JsonNode)
    method play.mvc.Results.ok(byte[]) is not applicable
      (argument mismatch; play.api.mvc.Call cannot be converted to byte[])
    method play.mvc.Results.ok(java.io.InputStream) is not applicable
      (argument mismatch; play.api.mvc.Call cannot be converted to java.io.InputStream)
    method play.mvc.Results.ok(java.io.File) is not applicable
      (argument mismatch; play.api.mvc.Call cannot be converted to java.io.File)]
	at play.sbt.PlayExceptions$CompilationException$.apply(PlayExceptions.scala:34)
	at play.sbt.PlayExceptions$CompilationException$.apply(PlayExceptions.scala:34)
	at scala.Option.map(Option.scala:146)
	at play.sbt.run.PlayReload$.$anonfun$taskFailureHandler$1(PlayReload.scala:33)
	at scala.Option.map(Option.scala:146)
	at play.sbt.run.PlayReload$.taskFailureHandler(PlayReload.scala:28)
	at play.sbt.run.PlayReload$.compileFailure(PlayReload.scala:24)
	at play.sbt.run.PlayReload$.$anonfun$compile$3(PlayReload.scala:51)
	at scala.util.Either$LeftProjection.map(Either.scala:573)
	at play.sbt.run.PlayReload$.compile(PlayReload.scala:51)
	at play.sbt.run.PlayRun$.$anonfun$playRunTask$4(PlayRun.scala:76)
	at play.runsupport.Reloader.$anonfun$reload$1(Reloader.scala:413)
	at play.runsupport.Reloader$$anon$5.run(Reloader.scala:51)
	at java.security.AccessController.doPrivileged(Native Method)
	at play.runsupport.Reloader$.play$runsupport$Reloader$$withReloaderContextClassLoader(Reloader.scala:56)
	at play.runsupport.Reloader.reload(Reloader.scala:413)
	at play.core.server.DevServerStart$$anon$1.get(DevServerStart.scala:123)
	at play.core.server.Server.getHandlerFor(Server.scala:63)
	at play.core.server.Server.getHandlerFor$(Server.scala:48)
	at play.core.server.AkkaHttpServer.getHandlerFor(AkkaHttpServer.scala:41)
	at play.core.server.AkkaHttpServer.getHandler(AkkaHttpServer.scala:214)
	at play.core.server.AkkaHttpServer.handleRequest(AkkaHttpServer.scala:194)
	at play.core.server.AkkaHttpServer.$anonfun$createServerBinding$1(AkkaHttpServer.scala:106)
	at akka.stream.impl.fusing.MapAsync$$anon$24.onPush(Ops.scala:1191)
	at akka.stream.impl.fusing.GraphInterpreter.processPush(GraphInterpreter.scala:512)
	at akka.stream.impl.fusing.GraphInterpreter.processEvent(GraphInterpreter.scala:475)
	at akka.stream.impl.fusing.GraphInterpreter.execute(GraphInterpreter.scala:371)
	at akka.stream.impl.fusing.GraphInterpreterShell.runBatch(ActorGraphInterpreter.scala:584)
	at akka.stream.impl.fusing.GraphInterpreterShell$AsyncInput.execute(ActorGraphInterpreter.scala:468)
	at akka.stream.impl.fusing.GraphInterpreterShell.processEvent(ActorGraphInterpreter.scala:559)
	at akka.stream.impl.fusing.ActorGraphInterpreter.akka$stream$impl$fusing$ActorGraphInterpreter$$processEvent(ActorGraphInterpreter.scala:741)
	at akka.stream.impl.fusing.ActorGraphInterpreter$$anonfun$receive$1.applyOrElse(ActorGraphInterpreter.scala:756)
	at akka.actor.Actor.aroundReceive(Actor.scala:517)
	at akka.actor.Actor.aroundReceive$(Actor.scala:515)
	at akka.stream.impl.fusing.ActorGraphInterpreter.aroundReceive(ActorGraphInterpreter.scala:666)
	at akka.actor.ActorCell.receiveMessage(ActorCell.scala:527)
	at akka.actor.ActorCell.invoke(ActorCell.scala:496)
	at akka.dispatch.Mailbox.processMailbox(Mailbox.scala:257)
	at akka.dispatch.Mailbox.run(Mailbox.scala:224)
	at akka.dispatch.Mailbox.exec(Mailbox.scala:234)
	at akka.dispatch.forkjoin.ForkJoinTask.doExec(ForkJoinTask.java:260)
	at akka.dispatch.forkjoin.ForkJoinPool$WorkQueue.runTask(ForkJoinPool.java:1339)
	at akka.dispatch.forkjoin.ForkJoinPool.runWorker(ForkJoinPool.java:1979)
	at akka.dispatch.forkjoin.ForkJoinWorkerThread.run(ForkJoinWorkerThread.java:107)
2018-03-13 16:09:51,730 [INFO] from application in application-akka.actor.default-dispatcher-12 - Shutting down connection pool.
2018-03-13 16:09:51,898 [INFO] from application in play-dev-mode-akka.actor.default-dispatcher-12 - Creating Pool for datasource 'default'
2018-03-13 16:09:51,929 [INFO] from play.api.db.DefaultDBApi in play-dev-mode-akka.actor.default-dispatcher-12 - Database [default] connected at jdbc:h2:file:./data/productsDB
2018-03-13 16:09:52,124 [WARN] from org.hibernate.validator.messageinterpolation.ParameterMessageInterpolator in play-dev-mode-akka.actor.default-dispatcher-12 - HV000184: ParameterMessageInterpolator has been chosen, EL interpolation will not be supported
2018-03-13 16:09:52,195 [INFO] from play.api.http.EnabledFilters in play-dev-mode-akka.actor.default-dispatcher-12 - Enabled Filters (see <https://www.playframework.com/documentation/latest/Filters>):

    play.filters.csrf.CSRFFilter
    play.filters.headers.SecurityHeadersFilter
    play.filters.hosts.AllowedHostsFilter

2018-03-13 16:09:52,195 [INFO] from play.api.Play in play-dev-mode-akka.actor.default-dispatcher-12 - Application started (Dev)
2018-03-13 16:10:18,417 [WARN] from application in application-akka.actor.default-dispatcher-3 - The "validate" method in class "models.users.Login" is deprecated since Play 2.6. To migrate to class-level constraints see https://www.playframework.com/documentation/2.6.x/Migration26#java-form-changes and https://www.playframework.com/documentation/2.6.x/JavaForms#Advanced-validation
2018-03-13 16:11:01,941 [WARN] from application in application-akka.actor.default-dispatcher-18 - The "validate" method in class "models.users.Login" is deprecated since Play 2.6. To migrate to class-level constraints see https://www.playframework.com/documentation/2.6.x/Migration26#java-form-changes and https://www.playframework.com/documentation/2.6.x/JavaForms#Advanced-validation
2018-03-13 16:13:55,759 [INFO] from application in application-akka.actor.default-dispatcher-22 - Shutting down connection pool.
2018-03-13 16:13:55,957 [INFO] from application in play-dev-mode-akka.actor.default-dispatcher-48 - Creating Pool for datasource 'default'
2018-03-13 16:13:55,987 [INFO] from play.api.db.DefaultDBApi in play-dev-mode-akka.actor.default-dispatcher-48 - Database [default] connected at jdbc:h2:file:./data/productsDB
2018-03-13 16:13:56,157 [WARN] from org.hibernate.validator.messageinterpolation.ParameterMessageInterpolator in play-dev-mode-akka.actor.default-dispatcher-48 - HV000184: ParameterMessageInterpolator has been chosen, EL interpolation will not be supported
2018-03-13 16:13:56,208 [INFO] from play.api.http.EnabledFilters in play-dev-mode-akka.actor.default-dispatcher-48 - Enabled Filters (see <https://www.playframework.com/documentation/latest/Filters>):

    play.filters.csrf.CSRFFilter
    play.filters.headers.SecurityHeadersFilter
    play.filters.hosts.AllowedHostsFilter

2018-03-13 16:13:56,208 [INFO] from play.api.Play in play-dev-mode-akka.actor.default-dispatcher-48 - Application started (Dev)
